<?xml version="1.0" encoding="UTF-8"?>
<!-- Generated by org.testng.reporters.JUnitReportReporter -->
<testsuite hostname="LAPTOP-TGKCHCOH" failures="0" tests="5" name="salesforcetestcases.SDFCLoginTestCase" time="22.430" errors="0" timestamp="2025-02-24T22:29:07 CST" skipped="0">
  <testcase classname="salesforcetestcases.SDFCLoginTestCase" name="LoginErrorMessage_TC01" time="4.981"/>
  <system-out/>
  <testcase classname="salesforcetestcases.SDFCLoginTestCase" name="LoginToSalesForce_TC02" time="4.430"/>
  <system-out/>
  <testcase classname="salesforcetestcases.SDFCLoginTestCase" name="CheckRemeberMe_TC03" time="4.755"/>
  <system-out/>
  <testcase classname="salesforcetestcases.SDFCLoginTestCase" name="ForgotPassword_TC04A" time="4.630"/>
  <system-out/>
  <testcase classname="salesforcetestcases.SDFCLoginTestCase" name="ForgotPassword_TC04B" time="3.634"/>
  <system-out/>
</testsuite> <!-- salesforcetestcases.SDFCLoginTestCase -->
