<?xml version="1.0" encoding="UTF-8"?>
<!-- Generated by org.testng.reporters.JUnitReportReporter -->
<testsuite hostname="LAPTOP-TGKCHCOH" failures="0" tests="4" name="salesforcetestcases.SDFCCreateAccountTestcase" time="36.864" errors="0" timestamp="2025-03-11T19:15:45 CDT" skipped="0">
  <testcase classname="salesforcetestcases.SDFCCreateAccountTestcase" name="createaccount_TC10" time="8.959"/>
  <system-out/>
  <testcase classname="salesforcetestcases.SDFCCreateAccountTestcase" name="createnewview_TC11" time="7.837"/>
  <system-out/>
  <testcase classname="salesforcetestcases.SDFCCreateAccountTestcase" name="mergeaccounts_TC13" time="9.418"/>
  <system-out/>
  <testcase classname="salesforcetestcases.SDFCCreateAccountTestcase" name="createaccountreport_TC13" time="10.650"/>
  <system-out/>
</testsuite> <!-- salesforcetestcases.SDFCCreateAccountTestcase -->
