<?xml version="1.0" encoding="UTF-8"?>
<!-- Generated by org.testng.reporters.JUnitReportReporter -->
<testsuite hostname="LAPTOP-TGKCHCOH" failures="0" tests="3" name="salesforcetestcases.SDFCCreateAccountTestcase" time="8.144" errors="0" timestamp="2025-03-04T19:19:11 CST" skipped="2">
  <testcase classname="salesforcetestcases.SDFCCreateAccountTestcase" name="mergeaccounts_TC13" time="8.144"/>
  <system-out/>
  <testcase classname="salesforcetestcases.SDFCCreateAccountTestcase" name="createnewview_TC11">
    <skipped/>
  </testcase> <!-- createnewview_TC11 -->
  <system-out/>
  <testcase classname="salesforcetestcases.SDFCCreateAccountTestcase" name="createaccount_TC10">
    <skipped/>
  </testcase> <!-- createaccount_TC10 -->
  <system-out/>
</testsuite> <!-- salesforcetestcases.SDFCCreateAccountTestcase -->
